app/build/outputs/logs/manifest-merger-debug-report.txt
-- Merging decision tree log ---
manifest
ADDED from src\main\AndroidManifest.xml:2:1-43:12
	package
		ADDED from src\main\AndroidManifest.xml:3:5-47
		INJECTED from src\main\AndroidManifest.xml
		INJECTED from src\main\AndroidManifest.xml
	android:versionName
		INJECTED from src\main\AndroidManifest.xml
		INJECTED from src\main\AndroidManifest.xml
	xmlns:android
		ADDED from src\main\AndroidManifest.xml:2:11-69
	android:versionCode
		INJECTED from src\main\AndroidManifest.xml
		INJECTED from src\main\AndroidManifest.xml
uses-permission-sdk-23
ADDED from src\main\AndroidManifest.xml:5:5-74
	android:name
		ADDED from src\main\AndroidManifest.xml:5:29-71
uses-permission#android.permission.INTERNET
ADDED from src\main\AndroidManifest.xml:7:5-67
MERGED from [com.google.firebase:firebase-analytics:9.8.0] AndroidManifest.xml:20:5-66
MERGED from [com.google.firebase:firebase-analytics-impl:9.8.0] AndroidManifest.xml:20:5-66
MERGED from [com.google.firebase:firebase-iid:9.8.0] AndroidManifest.xml:20:5-66
	android:name
		ADDED from src\main\AndroidManifest.xml:7:22-64
uses-permission#android.permission.ACCESS_WIFI_STATE
ADDED from src\main\AndroidManifest.xml:11:5-76
	android:name
		ADDED from src\main\AndroidManifest.xml:11:22-73
service#social.rony.com.firebaseauthdemo.MyFirebaseMessagingService
ADDED from src\main\AndroidManifest.xml:13:5-17:15
	android:name
		ADDED from src\main\AndroidManifest.xml:13:14-56
intent-filter#com.google.firebase.MESSAGING_EVENT
ADDED from src\main\AndroidManifest.xml:14:9-16:25
action#com.google.firebase.MESSAGING_EVENT
ADDED from src\main\AndroidManifest.xml:15:13-74
	android:name
		ADDED from src\main\AndroidManifest.xml:15:21-71
application
ADDED from src\main\AndroidManifest.xml:19:5-41:19
MERGED from [ToolsWorldSummit:ProgressWheel:unspecified] AndroidManifest.xml:11:5-21:19
MERGED from [com.google.firebase:firebase-auth:9.8.0] AndroidManifest.xml:19:5-20:19
MERGED from [com.google.android.gms:play-services-base:9.8.0] AndroidManifest.xml:18:5-20:19
MERGED from [com.google.android.gms:play-services-basement:9.8.0] AndroidManifest.xml:19:5-21:19
MERGED from [com.android.support:support-v4:24.0.0] AndroidManifest.xml:25:5-20
MERGED from [com.google.android.gms:play-services-tasks:9.8.0] AndroidManifest.xml:4:5-19
MERGED from [com.google.firebase:firebase-auth-common:9.8.0] AndroidManifest.xml:19:5-20:19
MERGED from [com.google.firebase:firebase-common:9.8.0] AndroidManifest.xml:4:5-7:19
MERGED from [com.google.android.gms:play-services-auth:9.8.0] AndroidManifest.xml:19:5-25:19
MERGED from [com.google.firebase:firebase-core:9.8.0] AndroidManifest.xml:5:5-20
MERGED from [com.google.firebase:firebase-analytics:9.8.0] AndroidManifest.xml:24:5-33:19
MERGED from [com.google.firebase:firebase-analytics-impl:9.8.0] AndroidManifest.xml:24:5-28:19
MERGED from [com.google.firebase:firebase-iid:9.8.0] AndroidManifest.xml:28:5-50:19
MERGED from [com.google.firebase:firebase-messaging:9.8.0] AndroidManifest.xml:19:5-29:19
MERGED from [com.android.support:design:23.4.0] AndroidManifest.xml:22:5-20
MERGED from [com.android.support:appcompat-v7:23.4.0] AndroidManifest.xml:25:5-20
MERGED from [com.android.support:animated-vector-drawable:23.4.0] AndroidManifest.xml:7:5-20
MERGED from [com.android.support:support-vector-drawable:23.4.0] AndroidManifest.xml:7:5-20
	android:label
		ADDED from src\main\AndroidManifest.xml:22:9-41
	android:supportsRtl
		ADDED from src\main\AndroidManifest.xml:23:9-35
	android:allowBackup
		ADDED from src\main\AndroidManifest.xml:20:9-35
	android:icon
		ADDED from src\main\AndroidManifest.xml:21:9-43
	android:theme
		ADDED from src\main\AndroidManifest.xml:24:9-40
activity#social.rony.com.firebaseauthdemo.countDown
ADDED from src\main\AndroidManifest.xml:25:9-27:31
	android:name
		ADDED from src\main\AndroidManifest.xml:26:13-38
activity#social.rony.com.firebaseauthdemo.LoginActivity
ADDED from src\main\AndroidManifest.xml:28:9-51
	android:name
		ADDED from src\main\AndroidManifest.xml:28:19-48
activity#social.rony.com.firebaseauthdemo.ProfileActitivy
ADDED from src\main\AndroidManifest.xml:29:9-53
	android:name
		ADDED from src\main\AndroidManifest.xml:29:19-50
activity#social.rony.com.firebaseauthdemo.MainActivity
ADDED from src\main\AndroidManifest.xml:30:9-50
	android:name
		ADDED from src\main\AndroidManifest.xml:30:19-47
activity#social.rony.com.firebaseauthdemo.listado
ADDED from src\main\AndroidManifest.xml:31:9-40:20
	android:label
		ADDED from src\main\AndroidManifest.xml:33:13-59
	android:theme
		ADDED from src\main\AndroidManifest.xml:34:13-44
	android:name
		ADDED from src\main\AndroidManifest.xml:32:13-36
intent-filter#android.intent.action.MAIN+android.intent.category.LAUNCHER
ADDED from src\main\AndroidManifest.xml:35:13-39:29
action#android.intent.action.MAIN
ADDED from src\main\AndroidManifest.xml:36:17-69
	android:name
		ADDED from src\main\AndroidManifest.xml:36:25-66
category#android.intent.category.LAUNCHER
ADDED from src\main\AndroidManifest.xml:38:17-77
	android:name
		ADDED from src\main\AndroidManifest.xml:38:27-74
uses-sdk
INJECTED from src\main\AndroidManifest.xml reason: use-sdk injection requested
MERGED from [ToolsWorldSummit:ProgressWheel:unspecified] AndroidManifest.xml:7:5-9:41
MERGED from [com.google.firebase:firebase-auth:9.8.0] AndroidManifest.xml:17:5-42
MERGED from [com.google.android.gms:play-services-base:9.8.0] AndroidManifest.xml:17:5-42
MERGED from [com.google.android.gms:play-services-basement:9.8.0] AndroidManifest.xml:17:5-42
MERGED from [com.android.support:support-v4:24.0.0] AndroidManifest.xml:21:5-23:54
MERGED from [com.google.android.gms:play-services-tasks:9.8.0] AndroidManifest.xml:3:5-42
MERGED from [com.google.firebase:firebase-auth-common:9.8.0] AndroidManifest.xml:17:5-42
MERGED from [com.google.firebase:firebase-auth-module:9.8.0] AndroidManifest.xml:3:5-42
MERGED from [com.google.firebase:firebase-common:9.8.0] AndroidManifest.xml:3:5-42
MERGED from [com.google.android.gms:play-services-auth:9.8.0] AndroidManifest.xml:17:5-42
MERGED from [com.google.android.gms:play-services-auth-base:9.8.0] AndroidManifest.xml:4:5-42
MERGED from [com.google.firebase:firebase-database:9.8.0] AndroidManifest.xml:3:5-42
MERGED from [com.google.firebase:firebase-database-connection:9.8.0] AndroidManifest.xml:3:5-42
MERGED from [com.google.firebase:firebase-core:9.8.0] AndroidManifest.xml:4:5-42
MERGED from [com.google.firebase:firebase-analytics:9.8.0] AndroidManifest.xml:17:5-42
MERGED from [com.google.firebase:firebase-analytics-impl:9.8.0] AndroidManifest.xml:17:5-42
MERGED from [com.google.firebase:firebase-iid:9.8.0] AndroidManifest.xml:17:5-42
MERGED from [com.google.firebase:firebase-messaging:9.8.0] AndroidManifest.xml:17:5-42
MERGED from [com.google.firebase:firebase-storage:9.8.0] AndroidManifest.xml:3:5-42
MERGED from [com.google.firebase:firebase-storage-common:9.8.0] AndroidManifest.xml:3:5-42
MERGED from [com.jakewharton:butterknife:8.4.0] AndroidManifest.xml:5:5-43
MERGED from [com.android.support:design:23.4.0] AndroidManifest.xml:20:5-43
MERGED from [com.android.support:recyclerview-v7:23.4.0] AndroidManifest.xml:20:5-43
MERGED from [com.android.support:appcompat-v7:23.4.0] AndroidManifest.xml:21:5-23:78
MERGED from [com.android.support:animated-vector-drawable:23.4.0] AndroidManifest.xml:5:5-44
MERGED from [com.android.support:support-vector-drawable:23.4.0] AndroidManifest.xml:5:5-43
	tools:overrideLibrary
		ADDED from [com.android.support:support-v4:24.0.0] AndroidManifest.xml:23:9-51
	android:targetSdkVersion
		INJECTED from src\main\AndroidManifest.xml
		INJECTED from src\main\AndroidManifest.xml
	android:minSdkVersion
		INJECTED from src\main\AndroidManifest.xml
		INJECTED from src\main\AndroidManifest.xml
activity#com.todddavies.components.progressbar.Main
ADDED from [ToolsWorldSummit:ProgressWheel:unspecified] AndroidManifest.xml:14:9-20:20
	android:label
		ADDED from [ToolsWorldSummit:ProgressWheel:unspecified] AndroidManifest.xml:16:13-45
	android:name
		ADDED from [ToolsWorldSummit:ProgressWheel:unspecified] AndroidManifest.xml:15:13-70
intent-filter#android.intent.action.MAIN
ADDED from [ToolsWorldSummit:ProgressWheel:unspecified] AndroidManifest.xml:17:13-19:29
activity#com.google.android.gms.common.api.GoogleApiActivity
ADDED from [com.google.android.gms:play-services-base:9.8.0] AndroidManifest.xml:19:9-172
	android:exported
		ADDED from [com.google.android.gms:play-services-base:9.8.0] AndroidManifest.xml:19:146-170
	android:theme
		ADDED from [com.google.android.gms:play-services-base:9.8.0] AndroidManifest.xml:19:86-145
	android:name
		ADDED from [com.google.android.gms:play-services-base:9.8.0] AndroidManifest.xml:19:19-85
meta-data#com.google.android.gms.version
ADDED from [com.google.android.gms:play-services-basement:9.8.0] AndroidManifest.xml:20:9-121
	android:value
		ADDED from [com.google.android.gms:play-services-basement:9.8.0] AndroidManifest.xml:20:66-119
	android:name
		ADDED from [com.google.android.gms:play-services-basement:9.8.0] AndroidManifest.xml:20:20-65
provider#com.google.firebase.provider.FirebaseInitProvider
ADDED from [com.google.firebase:firebase-common:9.8.0] AndroidManifest.xml:6:9-175
	android:authorities
		ADDED from [com.google.firebase:firebase-common:9.8.0] AndroidManifest.xml:6:19-78
	android:exported
		ADDED from [com.google.firebase:firebase-common:9.8.0] AndroidManifest.xml:6:125-149
	android:initOrder
		ADDED from [com.google.firebase:firebase-common:9.8.0] AndroidManifest.xml:6:150-173
	android:name
		ADDED from [com.google.firebase:firebase-common:9.8.0] AndroidManifest.xml:6:79-124
activity#com.google.android.gms.auth.api.signin.internal.SignInHubActivity
ADDED from [com.google.android.gms:play-services-auth:9.8.0] AndroidManifest.xml:20:9-189
	android:excludeFromRecents
		ADDED from [com.google.android.gms:play-services-auth:9.8.0] AndroidManifest.xml:20:129-162
	android:exported
		ADDED from [com.google.android.gms:play-services-auth:9.8.0] AndroidManifest.xml:20:163-187
	android:theme
		ADDED from [com.google.android.gms:play-services-auth:9.8.0] AndroidManifest.xml:20:69-128
	android:name
		ADDED from [com.google.android.gms:play-services-auth:9.8.0] AndroidManifest.xml:20:19-68
service#com.google.android.gms.auth.api.signin.RevocationBoundService
ADDED from [com.google.android.gms:play-services-auth:9.8.0] AndroidManifest.xml:24:9-184
	android:exported
		ADDED from [com.google.android.gms:play-services-auth:9.8.0] AndroidManifest.xml:24:64-87
	android:permission
		ADDED from [com.google.android.gms:play-services-auth:9.8.0] AndroidManifest.xml:24:88-182
	android:name
		ADDED from [com.google.android.gms:play-services-auth:9.8.0] AndroidManifest.xml:24:18-63
uses-permission#android.permission.ACCESS_NETWORK_STATE
ADDED from [com.google.firebase:firebase-analytics:9.8.0] AndroidManifest.xml:21:5-78
MERGED from [com.google.firebase:firebase-analytics-impl:9.8.0] AndroidManifest.xml:21:5-78
MERGED from [com.google.firebase:firebase-iid:9.8.0] AndroidManifest.xml:19:5-78
	android:name
		ADDED from [com.google.firebase:firebase-analytics:9.8.0] AndroidManifest.xml:21:22-76
uses-permission#android.permission.WAKE_LOCK
ADDED from [com.google.firebase:firebase-analytics:9.8.0] AndroidManifest.xml:22:5-67
MERGED from [com.google.firebase:firebase-analytics-impl:9.8.0] AndroidManifest.xml:22:5-67
MERGED from [com.google.firebase:firebase-iid:9.8.0] AndroidManifest.xml:21:5-67
	android:name
		ADDED from [com.google.firebase:firebase-analytics:9.8.0] AndroidManifest.xml:22:22-65
receiver#com.google.android.gms.measurement.AppMeasurementReceiver
ADDED from [com.google.firebase:firebase-analytics:9.8.0] AndroidManifest.xml:25:7-26:18
MERGED from [com.google.firebase:firebase-analytics-impl:9.8.0] AndroidManifest.xml:25:7-26:18
	android:enabled
		ADDED from [com.google.firebase:firebase-analytics:9.8.0] AndroidManifest.xml:25:90-112
	android:exported
		ADDED from [com.google.firebase:firebase-analytics:9.8.0] AndroidManifest.xml:25:113-137
	android:name
		ADDED from [com.google.firebase:firebase-analytics:9.8.0] AndroidManifest.xml:25:17-89
receiver#com.google.android.gms.measurement.AppMeasurementInstallReferrerReceiver
ADDED from [com.google.firebase:firebase-analytics:9.8.0] AndroidManifest.xml:27:7-31:18
	android:enabled
		ADDED from [com.google.firebase:firebase-analytics:9.8.0] AndroidManifest.xml:27:162-184
	android:permission
		ADDED from [com.google.firebase:firebase-analytics:9.8.0] AndroidManifest.xml:27:105-161
	android:name
		ADDED from [com.google.firebase:firebase-analytics:9.8.0] AndroidManifest.xml:27:17-104
intent-filter#com.android.vending.INSTALL_REFERRER
ADDED from [com.google.firebase:firebase-analytics:9.8.0] AndroidManifest.xml:28:11-30:27
action#com.android.vending.INSTALL_REFERRER
ADDED from [com.google.firebase:firebase-analytics:9.8.0] AndroidManifest.xml:29:15-76
	android:name
		ADDED from [com.google.firebase:firebase-analytics:9.8.0] AndroidManifest.xml:29:23-74
service#com.google.android.gms.measurement.AppMeasurementService
ADDED from [com.google.firebase:firebase-analytics:9.8.0] AndroidManifest.xml:32:7-137
MERGED from [com.google.firebase:firebase-analytics-impl:9.8.0] AndroidManifest.xml:27:7-137
	android:enabled
		ADDED from [com.google.firebase:firebase-analytics:9.8.0] AndroidManifest.xml:32:88-110
	android:exported
		ADDED from [com.google.firebase:firebase-analytics:9.8.0] AndroidManifest.xml:32:111-135
	android:name
		ADDED from [com.google.firebase:firebase-analytics:9.8.0] AndroidManifest.xml:32:16-87
uses-permission#com.google.android.c2dm.permission.RECEIVE
ADDED from [com.google.firebase:firebase-iid:9.8.0] AndroidManifest.xml:22:5-81
	android:name
		ADDED from [com.google.firebase:firebase-iid:9.8.0] AndroidManifest.xml:22:22-79
permission#${applicationId}.permission.C2D_MESSAGE
ADDED from [com.google.firebase:firebase-iid:9.8.0] AndroidManifest.xml:24:5-109
	android:protectionLevel
		ADDED from [com.google.firebase:firebase-iid:9.8.0] AndroidManifest.xml:24:72-107
	android:name
		ADDED from [com.google.firebase:firebase-iid:9.8.0] AndroidManifest.xml:24:17-71
uses-permission#${applicationId}.permission.C2D_MESSAGE
ADDED from [com.google.firebase:firebase-iid:9.8.0] AndroidManifest.xml:26:5-78
	android:name
		ADDED from [com.google.firebase:firebase-iid:9.8.0] AndroidManifest.xml:26:22-76
receiver#com.google.firebase.iid.FirebaseInstanceIdReceiver
ADDED from [com.google.firebase:firebase-iid:9.8.0] AndroidManifest.xml:30:9-36:20
	android:exported
		ADDED from [com.google.firebase:firebase-iid:9.8.0] AndroidManifest.xml:30:85-108
	android:permission
		ADDED from [com.google.firebase:firebase-iid:9.8.0] AndroidManifest.xml:30:109-169
	android:name
		ADDED from [com.google.firebase:firebase-iid:9.8.0] AndroidManifest.xml:30:19-84
intent-filter#${applicationId}+com.google.android.c2dm.intent.RECEIVE+com.google.android.c2dm.intent.REGISTRATION
ADDED from [com.google.firebase:firebase-iid:9.8.0] AndroidManifest.xml:31:13-35:29
action#com.google.android.c2dm.intent.RECEIVE
ADDED from [com.google.firebase:firebase-iid:9.8.0] AndroidManifest.xml:32:17-80
	android:name
		ADDED from [com.google.firebase:firebase-iid:9.8.0] AndroidManifest.xml:32:25-78
action#com.google.android.c2dm.intent.REGISTRATION
ADDED from [com.google.firebase:firebase-iid:9.8.0] AndroidManifest.xml:33:17-85
	android:name
		ADDED from [com.google.firebase:firebase-iid:9.8.0] AndroidManifest.xml:33:25-83
category#${applicationId}
ADDED from [com.google.firebase:firebase-iid:9.8.0] AndroidManifest.xml:34:17-60
	android:name
		ADDED from [com.google.firebase:firebase-iid:9.8.0] AndroidManifest.xml:34:27-58
receiver#com.google.firebase.iid.FirebaseInstanceIdInternalReceiver
ADDED from [com.google.firebase:firebase-iid:9.8.0] AndroidManifest.xml:40:9-119
	android:exported
		ADDED from [com.google.firebase:firebase-iid:9.8.0] AndroidManifest.xml:40:93-117
	android:name
		ADDED from [com.google.firebase:firebase-iid:9.8.0] AndroidManifest.xml:40:19-92
service#com.google.firebase.iid.FirebaseInstanceIdService
ADDED from [com.google.firebase:firebase-iid:9.8.0] AndroidManifest.xml:44:9-48:19
	android:exported
		ADDED from [com.google.firebase:firebase-iid:9.8.0] AndroidManifest.xml:44:83-106
	android:name
		ADDED from [com.google.firebase:firebase-iid:9.8.0] AndroidManifest.xml:44:18-82
intent-filter#com.google.firebase.INSTANCE_ID_EVENT
ADDED from [com.google.firebase:firebase-iid:9.8.0] AndroidManifest.xml:45:13-47:29
	android:priority
		ADDED from [com.google.firebase:firebase-iid:9.8.0] AndroidManifest.xml:45:28-51
action#com.google.firebase.INSTANCE_ID_EVENT
ADDED from [com.google.firebase:firebase-iid:9.8.0] AndroidManifest.xml:46:17-79
	android:name
		ADDED from [com.google.firebase:firebase-iid:9.8.0] AndroidManifest.xml:46:25-77
service#com.google.firebase.messaging.FirebaseMessagingService
ADDED from [com.google.firebase:firebase-messaging:9.8.0] AndroidManifest.xml:23:9-27:19
	android:exported
		ADDED from [com.google.firebase:firebase-messaging:9.8.0] AndroidManifest.xml:23:88-111
	android:name
		ADDED from [com.google.firebase:firebase-messaging:9.8.0] AndroidManifest.xml:23:18-87